<?xml version="1.0" encoding="UTF-8"?>
<!-- Generated by org.testng.reporters.JUnitXMLReporter -->
<testsuite ignored="0" hostname="LAPTOP-835TTK12" failures="0" tests="1" name="Default test" time="0.249" errors="0" timestamp="2023-02-11T15:17:19 IST">
  <testcase classname="TEST.testClass" name="@BeforeTest openBrowser" time="-1.676108839084E9">
    <failure type="org.testng.TestNGException" message="
Parameter &amp;apos;Browsers&amp;apos; is required by BeforeTest on method openBrowser but has not been marked @Optional or defined
in C:\Users\lenovo\AppData\Local\Temp\testng-eclipse--1909767729\testng-customsuite.xml">
      <![CDATA[org.testng.TestNGException: 
Parameter 'Browsers' is required by BeforeTest on method openBrowser but has not been marked @Optional or defined
in C:\Users\lenovo\AppData\Local\Temp\testng-eclipse--1909767729\testng-customsuite.xml
at org.testng.internal.Parameters.createParams(Parameters.java:267)
at org.testng.internal.Parameters.createParametersForMethod(Parameters.java:355)
at org.testng.internal.Parameters.createParameters(Parameters.java:684)
at org.testng.internal.Parameters.createConfigurationParameters(Parameters.java:166)
at org.testng.internal.invokers.ConfigInvoker.invokeConfigurations(ConfigInvoker.java:277)
at org.testng.TestRunner.invokeTestConfigurations(TestRunner.java:644)
at org.testng.TestRunner.beforeRun(TestRunner.java:633)
at org.testng.TestRunner.run(TestRunner.java:595)
at org.testng.SuiteRunner.runTest(SuiteRunner.java:437)
at org.testng.SuiteRunner.runSequentially(SuiteRunner.java:431)
at org.testng.SuiteRunner.privateRun(SuiteRunner.java:391)
at org.testng.SuiteRunner.run(SuiteRunner.java:330)
at org.testng.SuiteRunnerWorker.runSuite(SuiteRunnerWorker.java:52)
at org.testng.SuiteRunnerWorker.run(SuiteRunnerWorker.java:95)
at org.testng.TestNG.runSuitesSequentially(TestNG.java:1256)
at org.testng.TestNG.runSuitesLocally(TestNG.java:1176)
at org.testng.TestNG.runSuites(TestNG.java:1099)
at org.testng.TestNG.run(TestNG.java:1067)
at org.testng.remote.AbstractRemoteTestNG.run(AbstractRemoteTestNG.java:115)
at org.testng.remote.RemoteTestNG.initAndRun(RemoteTestNG.java:251)
at org.testng.remote.RemoteTestNG.main(RemoteTestNG.java:77)
]]>
    </failure>
  </testcase> <!-- @BeforeTest openBrowser -->
  <testcase classname="TEST.testClass" name="@BeforeClass hitTheUrl" time="0.0">
    <skipped/>
  </testcase> <!-- @BeforeClass hitTheUrl -->
  <testcase classname="TEST.testClass" name="@BeforeMethod loginDetails" time="0.0">
    <skipped/>
  </testcase> <!-- @BeforeMethod loginDetails -->
  <testcase classname="TEST.testClass" name="@AfterMethod logOutWebsite" time="0.0">
    <skipped/>
  </testcase> <!-- @AfterMethod logOutWebsite -->
  <testcase classname="TEST.testClass" name="@AfterClass closeTheBrowser" time="0.0">
    <skipped/>
  </testcase> <!-- @AfterClass closeTheBrowser -->
  <testcase classname="TEST.testClass" name="click1" time="0.001">
    <skipped/>
  </testcase> <!-- click1 -->
</testsuite> <!-- Default test -->
